TRACE [main] 2018-11-20 08:47:38 (BaseJdbcLogger.java:165) <==    Columns: id, title, author
TRACE [main] 2018-11-20 08:47:38 (BaseJdbcLogger.java:165) <==        Row: 1, 是焊丝焊丝焊丝焊丝诗诗诗诗焊丝焊丝焊丝焊丝焊丝试试, 啦啦啦
TRACE [main] 2018-11-20 10:49:01 (BaseJdbcLogger.java:165) <==    Columns: id, title, author
TRACE [main] 2018-11-20 10:49:01 (BaseJdbcLogger.java:165) <==        Row: 1, 是焊丝焊丝焊丝焊丝诗诗诗诗焊丝焊丝焊丝焊丝焊丝试试, 啦啦啦
TRACE [main] 2018-11-20 11:14:42 (BaseJdbcLogger.java:165) <==    Columns: id, title, author
TRACE [main] 2018-11-20 11:14:42 (BaseJdbcLogger.java:165) <==        Row: 2, 震惊！阿光最喜欢吃的居然不是屎, 斯巴拉吸报社
TRACE [main] 2018-11-20 11:15:31 (BaseJdbcLogger.java:165) <==    Columns: id, title, author
TRACE [main] 2018-11-20 11:15:31 (BaseJdbcLogger.java:165) <==        Row: 2, 震惊！阿光最喜欢吃的居然不是屎, 斯巴拉吸报社
TRACE [main] 2018-11-20 11:29:49 (BaseJdbcLogger.java:165) <==    Columns: id, title, author
TRACE [main] 2018-11-20 11:29:49 (BaseJdbcLogger.java:165) <==        Row: null, null, null
TRACE [main] 2018-11-20 11:29:49 (BaseJdbcLogger.java:165) <==        Row: null, null, null
TRACE [main] 2018-11-20 11:29:49 (BaseJdbcLogger.java:165) <==        Row: 1, 震惊！阿光最喜欢吃的居然不是屎, 斯巴拉吸报社
TRACE [main] 2018-11-20 11:29:49 (BaseJdbcLogger.java:165) <==        Row: 2, 虚惊一场~~阿光还是很喜欢吃**的, 斯巴拉吸报社
TRACE [main] 2018-11-20 14:42:33 (BaseJdbcLogger.java:165) <==    Columns: count(0)
TRACE [main] 2018-11-20 14:42:33 (BaseJdbcLogger.java:165) <==        Row: 4
TRACE [main] 2018-11-20 14:43:09 (BaseJdbcLogger.java:165) <==    Columns: count(0)
TRACE [main] 2018-11-20 14:43:09 (BaseJdbcLogger.java:165) <==        Row: 4
TRACE [main] 2018-11-20 14:43:09 (BaseJdbcLogger.java:165) <==    Columns: id, title, author
TRACE [main] 2018-11-20 14:43:09 (BaseJdbcLogger.java:165) <==        Row: 1, 震惊！阿光最喜欢吃的居然不是屎, 斯巴拉吸报社
TRACE [main] 2018-11-20 14:43:09 (BaseJdbcLogger.java:165) <==        Row: 2, 虚惊一场~~阿光还是很喜欢吃**的, 斯巴拉吸报社
TRACE [main] 2018-11-20 14:51:22 (BaseJdbcLogger.java:165) <==    Columns: count(0)
TRACE [main] 2018-11-20 14:51:22 (BaseJdbcLogger.java:165) <==        Row: 4
TRACE [main] 2018-11-20 14:51:22 (BaseJdbcLogger.java:165) <==    Columns: id, title, author
TRACE [main] 2018-11-20 14:51:22 (BaseJdbcLogger.java:165) <==        Row: 1, 震惊！阿光最喜欢吃的居然不是屎, 斯巴拉吸报社
TRACE [main] 2018-11-20 14:51:22 (BaseJdbcLogger.java:165) <==        Row: 2, 虚惊一场~~阿光还是很喜欢吃**的, 斯巴拉吸报社
TRACE [main] 2018-11-20 15:00:28 (BaseJdbcLogger.java:165) <==    Columns: count(0)
TRACE [main] 2018-11-20 15:00:28 (BaseJdbcLogger.java:165) <==        Row: 4
TRACE [main] 2018-11-20 15:00:28 (BaseJdbcLogger.java:165) <==    Columns: id, title, author
TRACE [main] 2018-11-20 15:00:28 (BaseJdbcLogger.java:165) <==        Row: 1, 震惊！阿光最喜欢吃的居然不是屎, 斯巴拉吸报社
TRACE [main] 2018-11-20 15:00:28 (BaseJdbcLogger.java:165) <==        Row: 2, 虚惊一场~~阿光还是很喜欢吃**的, 斯巴拉吸报社
TRACE [main] 2018-11-23 10:59:38 (BaseJdbcLogger.java:165) <==    Columns: id, title, author
TRACE [main] 2018-11-23 10:59:38 (BaseJdbcLogger.java:165) <==        Row: null, null, null
TRACE [main] 2018-11-23 10:59:38 (BaseJdbcLogger.java:165) <==        Row: null, null, null
TRACE [main] 2018-11-23 10:59:38 (BaseJdbcLogger.java:165) <==        Row: 1, 震惊！阿光最喜欢吃的居然不是屎, 斯巴拉吸报社
TRACE [main] 2018-11-23 10:59:38 (BaseJdbcLogger.java:165) <==        Row: 2, 虚惊一场~~阿光还是很喜欢吃**的, 斯巴拉吸报社
TRACE [main] 2018-11-23 16:32:53 (BaseJdbcLogger.java:165) <==    Columns: id, title, author
TRACE [main] 2018-11-23 16:32:53 (BaseJdbcLogger.java:165) <==        Row: null, null, null
TRACE [main] 2018-11-23 16:32:53 (BaseJdbcLogger.java:165) <==        Row: null, null, null
TRACE [main] 2018-11-23 16:32:53 (BaseJdbcLogger.java:165) <==        Row: 1, 震惊！阿光最喜欢吃的居然不是屎, 斯巴拉吸报社
TRACE [main] 2018-11-23 16:32:53 (BaseJdbcLogger.java:165) <==        Row: 2, 虚惊一场~~阿光还是很喜欢吃**的, 斯巴拉吸报社
TRACE [main] 2018-11-23 16:38:44 (BaseJdbcLogger.java:165) <==    Columns: id, title, author
TRACE [main] 2018-11-23 16:38:44 (BaseJdbcLogger.java:165) <==        Row: null, null, null
TRACE [main] 2018-11-23 16:38:45 (BaseJdbcLogger.java:165) <==        Row: null, null, null
TRACE [main] 2018-11-23 16:38:45 (BaseJdbcLogger.java:165) <==        Row: 1, 震惊！阿光最喜欢吃的居然不是屎, 斯巴拉吸报社
TRACE [main] 2018-11-23 16:38:45 (BaseJdbcLogger.java:165) <==        Row: 2, 虚惊一场~~阿光还是很喜欢吃**的, 斯巴拉吸报社
TRACE [main] 2018-11-23 16:42:08 (BaseJdbcLogger.java:165) <==    Columns: id, title, author
TRACE [main] 2018-11-23 16:42:08 (BaseJdbcLogger.java:165) <==        Row: null, null, null
TRACE [main] 2018-11-23 16:42:08 (BaseJdbcLogger.java:165) <==        Row: null, null, null
TRACE [main] 2018-11-23 16:42:08 (BaseJdbcLogger.java:165) <==        Row: 1, 震惊！阿光最喜欢吃的居然不是屎, 斯巴拉吸报社
TRACE [main] 2018-11-23 16:42:08 (BaseJdbcLogger.java:165) <==        Row: 2, 虚惊一场~~阿光还是很喜欢吃**的, 斯巴拉吸报社
TRACE [main] 2018-11-23 16:44:13 (BaseJdbcLogger.java:165) <==    Columns: id, title, author
TRACE [main] 2018-11-23 16:44:13 (BaseJdbcLogger.java:165) <==        Row: null, null, null
TRACE [main] 2018-11-23 16:44:14 (BaseJdbcLogger.java:165) <==        Row: null, null, null
TRACE [main] 2018-11-23 16:44:14 (BaseJdbcLogger.java:165) <==        Row: 1, 震惊！阿光最喜欢吃的居然不是屎, 斯巴拉吸报社
TRACE [main] 2018-11-23 16:44:14 (BaseJdbcLogger.java:165) <==        Row: 2, 虚惊一场~~阿光还是很喜欢吃**的, 斯巴拉吸报社
